<?xml version="1.0" encoding="UTF-8"?>
<!-- Generated by org.testng.reporters.JUnitXMLReporter -->
<testsuite hostname="BestBook.local" name="TeamModuleSuite" tests="4" failures="4" timestamp="18 May 2018 23:26:20 GMT" time="70.106" errors="0">
  <testcase name="VerifyEmployeeDepartmentsListedCorrectlyBetweenAllAndOtherTabs" time="15.586" classname="Tests.TeamModuleTests">
    <failure type="java.lang.AssertionError" message="expected [true] but found [false]">
      <![CDATA[java.lang.AssertionError: expected [true] but found [false]
	at Tests.TeamModuleTests.VerifyEmployeeDepartmentsListedCorrectlyBetweenAllAndOtherTabs(TeamModuleTests.java:61)
	at org.apache.maven.surefire.testng.TestNGExecutor.run(TestNGExecutor.java:281)
	at org.apache.maven.surefire.testng.TestNGXmlTestSuite.execute(TestNGXmlTestSuite.java:75)
	at org.apache.maven.surefire.testng.TestNGProvider.invoke(TestNGProvider.java:121)
	at org.apache.maven.surefire.booter.ForkedBooter.invokeProviderInSameClassLoader(ForkedBooter.java:290)
	at org.apache.maven.surefire.booter.ForkedBooter.runSuitesInProcess(ForkedBooter.java:242)
	at org.apache.maven.surefire.booter.ForkedBooter.main(ForkedBooter.java:121)
... Removed 25 stack frames]]>
    </failure>
  </testcase> <!-- VerifyEmployeeDepartmentsListedCorrectlyBetweenAllAndOtherTabs -->
  <testcase name="VerifyEmployeeNamesMatchEmployeePortraitsFileNames" time="3.909" classname="Tests.TeamModuleTests">
    <failure type="java.lang.AssertionError" message="expected [true] but found [false]">
      <![CDATA[java.lang.AssertionError: expected [true] but found [false]
	at Tests.TeamModuleTests.VerifyEmployeeNamesMatchEmployeePortraitsFileNames(TeamModuleTests.java:71)
	at org.apache.maven.surefire.testng.TestNGExecutor.run(TestNGExecutor.java:281)
	at org.apache.maven.surefire.testng.TestNGXmlTestSuite.execute(TestNGXmlTestSuite.java:75)
	at org.apache.maven.surefire.testng.TestNGProvider.invoke(TestNGProvider.java:121)
	at org.apache.maven.surefire.booter.ForkedBooter.invokeProviderInSameClassLoader(ForkedBooter.java:290)
	at org.apache.maven.surefire.booter.ForkedBooter.runSuitesInProcess(ForkedBooter.java:242)
	at org.apache.maven.surefire.booter.ForkedBooter.main(ForkedBooter.java:121)
... Removed 25 stack frames]]>
    </failure>
  </testcase> <!-- VerifyEmployeeNamesMatchEmployeePortraitsFileNames -->
  <testcase name="verifyEmployeeNamesMatchBetweenAllAndOtherTabs" time="5.385" classname="Tests.TeamModuleTests">
    <failure type="java.lang.AssertionError" message="expected [true] but found [false]">
      <![CDATA[java.lang.AssertionError: expected [true] but found [false]
	at Tests.TeamModuleTests.verifyEmployeeNamesMatchBetweenAllAndOtherTabs(TeamModuleTests.java:52)
	at org.apache.maven.surefire.testng.TestNGExecutor.run(TestNGExecutor.java:281)
	at org.apache.maven.surefire.testng.TestNGXmlTestSuite.execute(TestNGXmlTestSuite.java:75)
	at org.apache.maven.surefire.testng.TestNGProvider.invoke(TestNGProvider.java:121)
	at org.apache.maven.surefire.booter.ForkedBooter.invokeProviderInSameClassLoader(ForkedBooter.java:290)
	at org.apache.maven.surefire.booter.ForkedBooter.runSuitesInProcess(ForkedBooter.java:242)
	at org.apache.maven.surefire.booter.ForkedBooter.main(ForkedBooter.java:121)
... Removed 25 stack frames]]>
    </failure>
  </testcase> <!-- verifyEmployeeNamesMatchBetweenAllAndOtherTabs -->
  <testcase name="verifyQuantityOfEmployeesFromAllTabEqualsSumOfEmployeesFromOtherTabs" time="1.263" classname="Tests.TeamModuleTests">
    <failure type="java.lang.AssertionError" message="expected [125] but found [129]">
      <![CDATA[java.lang.AssertionError: expected [125] but found [129]
	at Tests.TeamModuleTests.verifyQuantityOfEmployeesFromAllTabEqualsSumOfEmployeesFromOtherTabs(TeamModuleTests.java:46)
	at org.apache.maven.surefire.testng.TestNGExecutor.run(TestNGExecutor.java:281)
	at org.apache.maven.surefire.testng.TestNGXmlTestSuite.execute(TestNGXmlTestSuite.java:75)
	at org.apache.maven.surefire.testng.TestNGProvider.invoke(TestNGProvider.java:121)
	at org.apache.maven.surefire.booter.ForkedBooter.invokeProviderInSameClassLoader(ForkedBooter.java:290)
	at org.apache.maven.surefire.booter.ForkedBooter.runSuitesInProcess(ForkedBooter.java:242)
	at org.apache.maven.surefire.booter.ForkedBooter.main(ForkedBooter.java:121)
... Removed 26 stack frames]]>
    </failure>
  </testcase> <!-- verifyQuantityOfEmployeesFromAllTabEqualsSumOfEmployeesFromOtherTabs -->
</testsuite> <!-- TeamModuleSuite -->
