-------------------------------------------------------------------------------
Test set: TestSuite
-------------------------------------------------------------------------------
Tests run: 5, Failures: 4, Errors: 0, Skipped: 0, Time elapsed: 130.613 sec <<< FAILURE! - in TestSuite
VerifyEmployeeDepartmentsListedCorrectlyBetweenAllTabAndDepartmentsTabs(Tests.TeamModuleTests)  Time elapsed: 18.086 sec  <<< FAILURE!
java.lang.AssertionError: expected [true] but found [false]
	at Tests.TeamModuleTests.VerifyEmployeeDepartmentsListedCorrectlyBetweenAllTabAndDepartmentsTabs(TeamModuleTests.java:35)

VerifyEmployeeNamesCorrespondPortraitImageFileNamesOnAllTab(Tests.TeamModuleTests)  Time elapsed: 4.505 sec  <<< FAILURE!
java.lang.AssertionError: expected [true] but found [false]
	at Tests.TeamModuleTests.VerifyEmployeeNamesCorrespondPortraitImageFileNamesOnAllTab(TeamModuleTests.java:45)

verifyEmployeeNamesMatchBetweenAllAndOtherTabs(Tests.TeamModuleTests)  Time elapsed: 7.375 sec  <<< FAILURE!
java.lang.AssertionError: expected [true] but found [false]
	at Tests.TeamModuleTests.verifyEmployeeNamesMatchBetweenAllAndOtherTabs(TeamModuleTests.java:26)

verifyQuantityOfEmployeesFromAllTabEqualsSumOfEmployeesFromOtherTabs(Tests.TeamModuleTests)  Time elapsed: 1.413 sec  <<< FAILURE!
java.lang.AssertionError: expected [138] but found [143]
	at Tests.TeamModuleTests.verifyQuantityOfEmployeesFromAllTabEqualsSumOfEmployeesFromOtherTabs(TeamModuleTests.java:20)

