-------------------------------------------------------------------------------
Test set: TestSuite
-------------------------------------------------------------------------------
Tests run: 5, Failures: 4, Errors: 0, Skipped: 0, Time elapsed: 103.188 sec <<< FAILURE! - in TestSuite
VerifyEmployeeDepartmentsListedCorrectlyBetweenAllTabAndDepartmentsTabs(Tests.TeamModuleTests)  Time elapsed: 22.68 sec  <<< FAILURE!
java.lang.AssertionError: expected [true] but found [false]
	at Tests.TeamModuleTests.VerifyEmployeeDepartmentsListedCorrectlyBetweenAllTabAndDepartmentsTabs(TeamModuleTests.java:33)

VerifyEmployeeNamesCorrespondPortraitImageFileNamesOnAllTab(Tests.TeamModuleTests)  Time elapsed: 4.743 sec  <<< FAILURE!
java.lang.AssertionError: expected [true] but found [false]
	at Tests.TeamModuleTests.VerifyEmployeeNamesCorrespondPortraitImageFileNamesOnAllTab(TeamModuleTests.java:43)

verifyEmployeeNamesMatchBetweenAllAndOtherTabs(Tests.TeamModuleTests)  Time elapsed: 6.804 sec  <<< FAILURE!
java.lang.AssertionError: expected [true] but found [false]
	at Tests.TeamModuleTests.verifyEmployeeNamesMatchBetweenAllAndOtherTabs(TeamModuleTests.java:24)

verifyQuantityOfEmployeesFromAllTabEqualsSumOfEmployeesFromOtherTabs(Tests.TeamModuleTests)  Time elapsed: 1.715 sec  <<< FAILURE!
java.lang.AssertionError: expected [138] but found [143]
	at Tests.TeamModuleTests.verifyQuantityOfEmployeesFromAllTabEqualsSumOfEmployeesFromOtherTabs(TeamModuleTests.java:18)

